build/app/intermediates/manifest_merge_blame_file/release/manifest-merger-blame-release-report.txt
1<?xml version="1.0" encoding="utf-8"?>
2<manifest xmlns:android="http://schemas.android.com/apk/res/android"
3    package="com.shoppaholics.app"
4    android:versionCode="12"
5    android:versionName="1.8.0" >
6
7    <uses-sdk
8        android:minSdkVersion="19"
8-->src\main\AndroidManifest.xml
9        android:targetSdkVersion="30" />
9-->src\main\AndroidManifest.xml
10    <!--
11         io.flutter.app.FlutterApplication is an android.app.Application that
12         calls FlutterMain.startInitialization(this); in its onCreate method.
13         In most cases you can leave this as-is, but you if you want to provide
14         additional functionality it is fine to subclass or reimplement
15         FlutterApplication and put your custom class here.
16    -->
17    <uses-permission android:name="android.permission.INTERNET" />
17-->src\main\AndroidManifest.xml:9:5-66
17-->src\main\AndroidManifest.xml:9:22-64
18    <uses-permission android:name="android.permission.ACCESS_FINE_LOCATION" />
18-->src\main\AndroidManifest.xml:10:5-78
18-->src\main\AndroidManifest.xml:10:22-76
19    <uses-permission android:name="android.permission.ACCESS_COARSE_LOCATION" />
19-->src\main\AndroidManifest.xml:11:5-81
19-->src\main\AndroidManifest.xml:11:22-78
20    <uses-permission android:name="android.permission.ACCESS_NETWORK_STATE" />
20-->[com.google.firebase:firebase-messaging:22.0.0] AndroidManifest.xml:22:5-79
20-->[com.google.firebase:firebase-messaging:22.0.0] AndroidManifest.xml:22:22-76
21    <uses-permission android:name="android.permission.WAKE_LOCK" /> <!-- Required by older versions of Google Play services to create IID tokens -->
21-->[com.google.firebase:firebase-messaging:22.0.0] AndroidManifest.xml:23:5-68
21-->[com.google.firebase:firebase-messaging:22.0.0] AndroidManifest.xml:23:22-65
22    <uses-permission android:name="com.google.android.c2dm.permission.RECEIVE" />
22-->[com.google.firebase:firebase-messaging:22.0.0] AndroidManifest.xml:25:5-82
22-->[com.google.firebase:firebase-messaging:22.0.0] AndroidManifest.xml:25:22-79
23    <uses-permission android:name="android.permission.READ_EXTERNAL_STORAGE" />
23-->[:image_picker] AndroidManifest.xml:7:5-80
23-->[:image_picker] AndroidManifest.xml:7:22-77
24    <uses-permission android:name="android.permission.WRITE_EXTERNAL_STORAGE" />
24-->[:image_picker] AndroidManifest.xml:8:5-81
24-->[:image_picker] AndroidManifest.xml:8:22-78
25    <uses-permission android:name="android.permission.ACCESS_WIFI_STATE" />
25-->[:connectivity] AndroidManifest.xml:8:5-76
25-->[:connectivity] AndroidManifest.xml:8:22-73
26
27    <uses-feature
27-->[com.google.android.gms:play-services-maps:17.0.0] AndroidManifest.xml:26:5-28:35
28        android:glEsVersion="0x00020000"
28-->[com.google.android.gms:play-services-maps:17.0.0] AndroidManifest.xml:27:9-41
29        android:required="true" />
29-->[com.google.android.gms:play-services-maps:17.0.0] AndroidManifest.xml:28:9-32
30
31    <uses-permission android:name="com.google.android.finsky.permission.BIND_GET_INSTALL_REFERRER_SERVICE" />
31-->[com.google.android.gms:play-services-measurement:19.0.0] AndroidManifest.xml:26:5-110
31-->[com.google.android.gms:play-services-measurement:19.0.0] AndroidManifest.xml:26:22-107
32
33    <application
33-->src\main\AndroidManifest.xml:12:5-98:19
34        android:name="io.flutter.app.FlutterApplication"
34-->src\main\AndroidManifest.xml:15:9-57
35        android:appComponentFactory="androidx.core.app.CoreComponentFactory"
35-->[androidx.core:core:1.5.0-beta01] AndroidManifest.xml:24:18-86
36        android:icon="@mipmap/ic_launcher"
36-->src\main\AndroidManifest.xml:17:9-43
37        android:label="Shoppaholics"
37-->src\main\AndroidManifest.xml:16:9-37
38        android:networkSecurityConfig="@xml/network_security_config"
38-->src\main\AndroidManifest.xml:13:9-69
39        android:supportsRtl="true"
39-->[com.facebook.android:facebook-login:5.5.1] AndroidManifest.xml:28:18-44
40        android:usesCleartextTraffic="true" >
40-->src\main\AndroidManifest.xml:14:9-44
41        <meta-data
41-->src\main\AndroidManifest.xml:18:9-20:56
42            android:name="com.google.firebase.messaging.default_notification_icon"
42-->src\main\AndroidManifest.xml:19:13-83
43            android:resource="@drawable/transparent" />
43-->src\main\AndroidManifest.xml:20:13-53
44        <meta-data
44-->src\main\AndroidManifest.xml:21:9-23:54
45            android:name="com.google.firebase.messaging.default_notification_color"
45-->src\main\AndroidManifest.xml:22:13-84
46            android:resource="@color/colorPrimary" />
46-->src\main\AndroidManifest.xml:23:13-51
47
48        <activity
48-->src\main\AndroidManifest.xml:24:9-57:20
49            android:name="com.example.active_ecommerce_flutter.MainActivity"
49-->src\main\AndroidManifest.xml:25:13-41
50            android:configChanges="orientation|keyboardHidden|keyboard|screenSize|smallestScreenSize|locale|layoutDirection|fontScale|screenLayout|density|uiMode"
50-->src\main\AndroidManifest.xml:28:13-163
51            android:hardwareAccelerated="true"
51-->src\main\AndroidManifest.xml:29:13-47
52            android:launchMode="singleTop"
52-->src\main\AndroidManifest.xml:26:13-43
53            android:theme="@style/LaunchTheme"
53-->src\main\AndroidManifest.xml:27:13-47
54            android:windowSoftInputMode="adjustResize" >
54-->src\main\AndroidManifest.xml:30:13-55
55
56            <!--
57                 Specifies an Android theme to apply to this Activity as soon as
58                 the Android process has started. This theme is visible to the user
59                 while the Flutter UI initializes. After that, this theme continues
60                 to determine the Window background behind the Flutter UI.
61            -->
62            <meta-data
62-->src\main\AndroidManifest.xml:35:13-38:17
63                android:name="io.flutter.embedding.android.NormalTheme"
63-->src\main\AndroidManifest.xml:36:15-70
64                android:resource="@style/NormalTheme" />
64-->src\main\AndroidManifest.xml:37:15-52
65            <!--
66                 Displays an Android View that continues showing the launch screen
67                 Drawable until Flutter paints its first frame, then this splash
68                 screen fades out. A splash screen is useful to avoid any visual
69                 gap between the end of Android's launch screen and the painting of
70                 Flutter's first frame.
71            -->
72            <meta-data
72-->src\main\AndroidManifest.xml:44:13-47:17
73                android:name="io.flutter.embedding.android.SplashScreenDrawable"
73-->src\main\AndroidManifest.xml:45:15-79
74                android:resource="@drawable/launch_background" />
74-->src\main\AndroidManifest.xml:46:15-61
75
76            <intent-filter>
76-->src\main\AndroidManifest.xml:48:13-51:29
77                <action android:name="android.intent.action.MAIN" />
77-->src\main\AndroidManifest.xml:49:17-68
77-->src\main\AndroidManifest.xml:49:25-66
78
79                <category android:name="android.intent.category.LAUNCHER" />
79-->src\main\AndroidManifest.xml:50:17-76
79-->src\main\AndroidManifest.xml:50:27-74
80            </intent-filter>
81            <intent-filter>
81-->src\main\AndroidManifest.xml:52:13-55:29
82                <action android:name="FLUTTER_NOTIFICATION_CLICK" />
82-->src\main\AndroidManifest.xml:53:17-69
82-->src\main\AndroidManifest.xml:53:25-66
83
84                <category android:name="android.intent.category.DEFAULT" />
84-->src\main\AndroidManifest.xml:54:17-76
84-->src\main\AndroidManifest.xml:54:27-73
85            </intent-filter>
86        </activity>
87        <!--
88             Don't delete the meta-data below.
89             This is used by the Flutter tool to generate GeneratedPluginRegistrant.java
90        -->
91        <meta-data
91-->src\main\AndroidManifest.xml:60:9-62:33
92            android:name="flutterEmbedding"
92-->src\main\AndroidManifest.xml:61:13-44
93            android:value="2" />
93-->src\main\AndroidManifest.xml:62:13-30
94        <meta-data
94-->src\main\AndroidManifest.xml:64:9-65:31
95            android:name="com.google.android.geo.API_KEY"
95-->src\main\AndroidManifest.xml:64:20-65
96            android:value="" />
96-->src\main\AndroidManifest.xml:65:13-29
97
98        <!-- Facebook Login configuration -->
99        <meta-data
99-->src\main\AndroidManifest.xml:68:9-69:54
100            android:name="com.facebook.sdk.ApplicationId"
100-->src\main\AndroidManifest.xml:68:20-65
101            android:value="@string/facebook_app_id" />
101-->src\main\AndroidManifest.xml:69:13-52
102
103        <activity
103-->src\main\AndroidManifest.xml:71:9-76:15
104            android:name="com.facebook.FacebookActivity"
104-->src\main\AndroidManifest.xml:71:19-63
105            android:configChanges="keyboard|keyboardHidden|screenLayout|screenSize|orientation"
105-->src\main\AndroidManifest.xml:72:13-114
106            android:exported="true"
106-->src\main\AndroidManifest.xml:75:13-36
107            android:label="@string/app_name"
107-->src\main\AndroidManifest.xml:74:13-45
108            android:theme="@style/com_facebook_activity_theme" />
108-->[com.facebook.android:facebook-common:5.5.1] AndroidManifest.xml:32:13-63
109        <activity
109-->src\main\AndroidManifest.xml:78:9-87:20
110            android:name="com.facebook.CustomTabActivity"
110-->src\main\AndroidManifest.xml:79:13-58
111            android:exported="true" >
111-->src\main\AndroidManifest.xml:80:13-36
112            <intent-filter>
112-->src\main\AndroidManifest.xml:81:13-86:29
113                <action android:name="android.intent.action.VIEW" />
113-->src\main\AndroidManifest.xml:82:17-69
113-->src\main\AndroidManifest.xml:82:25-66
114
115                <category android:name="android.intent.category.DEFAULT" />
115-->src\main\AndroidManifest.xml:54:17-76
115-->src\main\AndroidManifest.xml:54:27-73
116                <category android:name="android.intent.category.BROWSABLE" />
116-->src\main\AndroidManifest.xml:84:17-78
116-->src\main\AndroidManifest.xml:84:27-75
117
118                <data android:scheme="@string/fb_login_protocol_scheme" />
118-->src\main\AndroidManifest.xml:85:17-75
118-->src\main\AndroidManifest.xml:85:23-72
119            </intent-filter>
120        </activity>
121
122        <provider
123            android:name="androidx.core.content.FileProvider"
123-->src\main\AndroidManifest.xml:89:13-62
124            android:authorities="com.shoppaholics.app.com.shekarmudaliyar.social_share"
124-->src\main\AndroidManifest.xml:90:13-84
125            android:exported="false"
125-->src\main\AndroidManifest.xml:91:13-37
126            android:grantUriPermissions="true" >
126-->src\main\AndroidManifest.xml:92:13-47
127            <meta-data
127-->src\main\AndroidManifest.xml:94:13-96:53
128                android:name="android.support.FILE_PROVIDER_PATHS"
128-->src\main\AndroidManifest.xml:95:17-67
129                android:resource="@xml/filepaths" />
129-->src\main\AndroidManifest.xml:96:17-50
130        </provider>
131
132        <service android:name="io.flutter.plugins.firebasemessaging.FlutterFirebaseMessagingService" >
132-->[:firebase_messaging] AndroidManifest.xml:8:9-12:19
132-->[:firebase_messaging] AndroidManifest.xml:8:18-101
133            <intent-filter>
133-->[:firebase_messaging] AndroidManifest.xml:9:13-11:29
134                <action android:name="com.google.firebase.MESSAGING_EVENT" />
134-->[:firebase_messaging] AndroidManifest.xml:10:17-78
134-->[:firebase_messaging] AndroidManifest.xml:10:25-75
135            </intent-filter>
136        </service>
137        <service
137-->[:firebase_messaging] AndroidManifest.xml:13:9-17:19
138            android:name="com.google.firebase.components.ComponentDiscoveryService"
138-->[:firebase_messaging] AndroidManifest.xml:13:18-89
139            android:directBootAware="true"
139-->[com.google.firebase:firebase-common:20.0.0] AndroidManifest.xml:35:13-43
140            android:exported="false" >
140-->[com.google.firebase:firebase-analytics-ktx:19.0.0] AndroidManifest.xml:10:13-37
141            <meta-data
141-->[:firebase_messaging] AndroidManifest.xml:14:13-16:85
142                android:name="com.google.firebase.components:io.flutter.plugins.firebasemessaging.FlutterFirebaseAppRegistrar"
142-->[:firebase_messaging] AndroidManifest.xml:15:17-127
143                android:value="com.google.firebase.components.ComponentRegistrar" />
143-->[:firebase_messaging] AndroidManifest.xml:16:17-82
144            <meta-data
144-->[:firebase_core] AndroidManifest.xml:9:13-11:85
145                android:name="com.google.firebase.components:io.flutter.plugins.firebase.core.FlutterFirebaseCoreRegistrar"
145-->[:firebase_core] AndroidManifest.xml:10:17-124
146                android:value="com.google.firebase.components.ComponentRegistrar" />
146-->[:firebase_core] AndroidManifest.xml:11:17-82
147            <meta-data
147-->[com.google.firebase:firebase-analytics-ktx:19.0.0] AndroidManifest.xml:11:13-13:85
148                android:name="com.google.firebase.components:com.google.firebase.analytics.ktx.FirebaseAnalyticsKtxRegistrar"
148-->[com.google.firebase:firebase-analytics-ktx:19.0.0] AndroidManifest.xml:12:17-126
149                android:value="com.google.firebase.components.ComponentRegistrar" />
149-->[com.google.firebase:firebase-analytics-ktx:19.0.0] AndroidManifest.xml:13:17-82
150            <meta-data
150-->[com.google.firebase:firebase-firestore-ktx:23.0.0] AndroidManifest.xml:15:13-17:85
151                android:name="com.google.firebase.components:com.google.firebase.firestore.ktx.FirebaseFirestoreKtxRegistrar"
151-->[com.google.firebase:firebase-firestore-ktx:23.0.0] AndroidManifest.xml:16:17-126
152                android:value="com.google.firebase.components.ComponentRegistrar" />
152-->[com.google.firebase:firebase-firestore-ktx:23.0.0] AndroidManifest.xml:17:17-82
153            <meta-data
153-->[com.google.firebase:firebase-auth-ktx:21.0.1] AndroidManifest.xml:11:13-13:85
154                android:name="com.google.firebase.components:com.google.firebase.auth.ktx.FirebaseAuthKtxRegistrar"
154-->[com.google.firebase:firebase-auth-ktx:21.0.1] AndroidManifest.xml:12:17-116
155                android:value="com.google.firebase.components.ComponentRegistrar" />
155-->[com.google.firebase:firebase-auth-ktx:21.0.1] AndroidManifest.xml:13:17-82
156            <meta-data
156-->[com.google.firebase:firebase-common-ktx:20.0.0] AndroidManifest.xml:15:13-17:85
157                android:name="com.google.firebase.components:com.google.firebase.ktx.FirebaseCommonKtxRegistrar"
157-->[com.google.firebase:firebase-common-ktx:20.0.0] AndroidManifest.xml:16:17-113
158                android:value="com.google.firebase.components.ComponentRegistrar" />
158-->[com.google.firebase:firebase-common-ktx:20.0.0] AndroidManifest.xml:17:17-82
159            <meta-data
159-->[com.google.firebase:firebase-messaging:22.0.0] AndroidManifest.xml:52:13-54:85
160                android:name="com.google.firebase.components:com.google.firebase.messaging.FirebaseMessagingRegistrar"
160-->[com.google.firebase:firebase-messaging:22.0.0] AndroidManifest.xml:53:17-119
161                android:value="com.google.firebase.components.ComponentRegistrar" />
161-->[com.google.firebase:firebase-messaging:22.0.0] AndroidManifest.xml:54:17-82
162            <meta-data
162-->[com.google.firebase:firebase-iid:21.1.0] AndroidManifest.xml:32:13-34:85
163                android:name="com.google.firebase.components:com.google.firebase.iid.Registrar"
163-->[com.google.firebase:firebase-iid:21.1.0] AndroidManifest.xml:33:17-96
164                android:value="com.google.firebase.components.ComponentRegistrar" />
164-->[com.google.firebase:firebase-iid:21.1.0] AndroidManifest.xml:34:17-82
165            <meta-data
165-->[com.google.firebase:firebase-datatransport:18.0.0] AndroidManifest.xml:28:13-30:85
166                android:name="com.google.firebase.components:com.google.firebase.datatransport.TransportRegistrar"
166-->[com.google.firebase:firebase-datatransport:18.0.0] AndroidManifest.xml:29:17-115
167                android:value="com.google.firebase.components.ComponentRegistrar" />
167-->[com.google.firebase:firebase-datatransport:18.0.0] AndroidManifest.xml:30:17-82
168            <meta-data
168-->[com.google.firebase:firebase-auth:21.0.1] AndroidManifest.xml:77:13-79:85
169                android:name="com.google.firebase.components:com.google.firebase.auth.FirebaseAuthRegistrar"
169-->[com.google.firebase:firebase-auth:21.0.1] AndroidManifest.xml:78:17-109
170                android:value="com.google.firebase.components.ComponentRegistrar" />
170-->[com.google.firebase:firebase-auth:21.0.1] AndroidManifest.xml:79:17-82
171            <meta-data
171-->[com.google.firebase:firebase-firestore:23.0.0] AndroidManifest.xml:20:13-22:85
172                android:name="com.google.firebase.components:com.google.firebase.firestore.FirestoreRegistrar"
172-->[com.google.firebase:firebase-firestore:23.0.0] AndroidManifest.xml:21:17-111
173                android:value="com.google.firebase.components.ComponentRegistrar" />
173-->[com.google.firebase:firebase-firestore:23.0.0] AndroidManifest.xml:22:17-82
174            <meta-data
174-->[com.google.android.gms:play-services-measurement-api:19.0.0] AndroidManifest.xml:30:13-32:85
175                android:name="com.google.firebase.components:com.google.firebase.analytics.connector.internal.AnalyticsConnectorRegistrar"
175-->[com.google.android.gms:play-services-measurement-api:19.0.0] AndroidManifest.xml:31:17-139
176                android:value="com.google.firebase.components.ComponentRegistrar" />
176-->[com.google.android.gms:play-services-measurement-api:19.0.0] AndroidManifest.xml:32:17-82
177            <meta-data
177-->[com.google.firebase:firebase-installations:17.0.0] AndroidManifest.xml:18:13-20:85
178                android:name="com.google.firebase.components:com.google.firebase.installations.FirebaseInstallationsRegistrar"
178-->[com.google.firebase:firebase-installations:17.0.0] AndroidManifest.xml:19:17-127
179                android:value="com.google.firebase.components.ComponentRegistrar" />
179-->[com.google.firebase:firebase-installations:17.0.0] AndroidManifest.xml:20:17-82
180        </service>
181
182        <receiver
182-->[com.google.firebase:firebase-messaging:22.0.0] AndroidManifest.xml:28:9-35:20
183            android:name="com.google.firebase.iid.FirebaseInstanceIdReceiver"
183-->[com.google.firebase:firebase-messaging:22.0.0] AndroidManifest.xml:29:13-78
184            android:exported="true"
184-->[com.google.firebase:firebase-messaging:22.0.0] AndroidManifest.xml:30:13-36
185            android:permission="com.google.android.c2dm.permission.SEND" >
185-->[com.google.firebase:firebase-messaging:22.0.0] AndroidManifest.xml:31:13-73
186            <intent-filter>
186-->[com.google.firebase:firebase-messaging:22.0.0] AndroidManifest.xml:32:13-34:29
187                <action android:name="com.google.android.c2dm.intent.RECEIVE" />
187-->[com.google.firebase:firebase-messaging:22.0.0] AndroidManifest.xml:33:17-81
187-->[com.google.firebase:firebase-messaging:22.0.0] AndroidManifest.xml:33:25-78
188            </intent-filter>
189        </receiver>
190        <!--
191             FirebaseMessagingService performs security checks at runtime,
192             but set to not exported to explicitly avoid allowing another app to call it.
193        -->
194        <service
194-->[com.google.firebase:firebase-messaging:22.0.0] AndroidManifest.xml:41:9-48:19
195            android:name="com.google.firebase.messaging.FirebaseMessagingService"
195-->[com.google.firebase:firebase-messaging:22.0.0] AndroidManifest.xml:42:13-82
196            android:directBootAware="true"
196-->[com.google.firebase:firebase-messaging:22.0.0] AndroidManifest.xml:43:13-43
197            android:exported="false" >
197-->[com.google.firebase:firebase-messaging:22.0.0] AndroidManifest.xml:44:13-37
198            <intent-filter android:priority="-500" >
198-->[:firebase_messaging] AndroidManifest.xml:9:13-11:29
199                <action android:name="com.google.firebase.MESSAGING_EVENT" />
199-->[:firebase_messaging] AndroidManifest.xml:10:17-78
199-->[:firebase_messaging] AndroidManifest.xml:10:25-75
200            </intent-filter>
201        </service>
202
203        <provider
203-->[:image_picker] AndroidManifest.xml:11:9-19:20
204            android:name="io.flutter.plugins.imagepicker.ImagePickerFileProvider"
204-->[:image_picker] AndroidManifest.xml:12:13-82
205            android:authorities="com.shoppaholics.app.flutter.image_provider"
205-->[:image_picker] AndroidManifest.xml:13:13-74
206            android:exported="false"
206-->[:image_picker] AndroidManifest.xml:14:13-37
207            android:grantUriPermissions="true" >
207-->[:image_picker] AndroidManifest.xml:15:13-47
208            <meta-data
208-->src\main\AndroidManifest.xml:94:13-96:53
209                android:name="android.support.FILE_PROVIDER_PATHS"
209-->src\main\AndroidManifest.xml:95:17-67
210                android:resource="@xml/flutter_image_picker_file_paths" />
210-->src\main\AndroidManifest.xml:96:17-50
211        </provider>
212
213        <activity
213-->[:url_launcher] AndroidManifest.xml:8:9-11:74
214            android:name="io.flutter.plugins.urllauncher.WebViewActivity"
214-->[:url_launcher] AndroidManifest.xml:9:13-74
215            android:exported="false"
215-->[:url_launcher] AndroidManifest.xml:10:13-37
216            android:theme="@android:style/Theme.NoTitleBar.Fullscreen" />
216-->[:url_launcher] AndroidManifest.xml:11:13-71
217
218        <service
218-->[com.google.android.datatransport:transport-backend-cct:3.0.0] AndroidManifest.xml:29:9-35:19
219            android:name="com.google.android.datatransport.runtime.backends.TransportBackendDiscovery"
219-->[com.google.android.datatransport:transport-backend-cct:3.0.0] AndroidManifest.xml:30:13-103
220            android:exported="false" >
220-->[com.google.android.datatransport:transport-backend-cct:3.0.0] AndroidManifest.xml:31:13-37
221            <meta-data
221-->[com.google.android.datatransport:transport-backend-cct:3.0.0] AndroidManifest.xml:32:13-34:39
222                android:name="backend:com.google.android.datatransport.cct.CctBackendFactory"
222-->[com.google.android.datatransport:transport-backend-cct:3.0.0] AndroidManifest.xml:33:17-94
223                android:value="cct" />
223-->[com.google.android.datatransport:transport-backend-cct:3.0.0] AndroidManifest.xml:34:17-36
224        </service>
225
226        <activity
226-->[com.google.firebase:firebase-auth:21.0.1] AndroidManifest.xml:27:9-44:20
227            android:name="com.google.firebase.auth.internal.GenericIdpActivity"
227-->[com.google.firebase:firebase-auth:21.0.1] AndroidManifest.xml:28:13-80
228            android:excludeFromRecents="true"
228-->[com.google.firebase:firebase-auth:21.0.1] AndroidManifest.xml:29:13-46
229            android:exported="true"
229-->[com.google.firebase:firebase-auth:21.0.1] AndroidManifest.xml:30:13-36
230            android:launchMode="singleTask"
230-->[com.google.firebase:firebase-auth:21.0.1] AndroidManifest.xml:31:13-44
231            android:theme="@android:style/Theme.Translucent.NoTitleBar" >
231-->[com.google.firebase:firebase-auth:21.0.1] AndroidManifest.xml:32:13-72
232            <intent-filter>
232-->[com.google.firebase:firebase-auth:21.0.1] AndroidManifest.xml:33:13-43:29
233                <action android:name="android.intent.action.VIEW" />
233-->src\main\AndroidManifest.xml:82:17-69
233-->src\main\AndroidManifest.xml:82:25-66
234
235                <category android:name="android.intent.category.DEFAULT" />
235-->src\main\AndroidManifest.xml:54:17-76
235-->src\main\AndroidManifest.xml:54:27-73
236                <category android:name="android.intent.category.BROWSABLE" />
236-->src\main\AndroidManifest.xml:84:17-78
236-->src\main\AndroidManifest.xml:84:27-75
237
238                <data
238-->src\main\AndroidManifest.xml:85:17-75
239                    android:host="firebase.auth"
240                    android:path="/"
241                    android:scheme="genericidp" />
241-->src\main\AndroidManifest.xml:85:23-72
242            </intent-filter>
243        </activity>
244        <activity
244-->[com.google.firebase:firebase-auth:21.0.1] AndroidManifest.xml:45:9-62:20
245            android:name="com.google.firebase.auth.internal.RecaptchaActivity"
245-->[com.google.firebase:firebase-auth:21.0.1] AndroidManifest.xml:46:13-79
246            android:excludeFromRecents="true"
246-->[com.google.firebase:firebase-auth:21.0.1] AndroidManifest.xml:47:13-46
247            android:exported="true"
247-->[com.google.firebase:firebase-auth:21.0.1] AndroidManifest.xml:48:13-36
248            android:launchMode="singleTask"
248-->[com.google.firebase:firebase-auth:21.0.1] AndroidManifest.xml:49:13-44
249            android:theme="@android:style/Theme.Translucent.NoTitleBar" >
249-->[com.google.firebase:firebase-auth:21.0.1] AndroidManifest.xml:50:13-72
250            <intent-filter>
250-->[com.google.firebase:firebase-auth:21.0.1] AndroidManifest.xml:51:13-61:29
251                <action android:name="android.intent.action.VIEW" />
251-->src\main\AndroidManifest.xml:82:17-69
251-->src\main\AndroidManifest.xml:82:25-66
252
253                <category android:name="android.intent.category.DEFAULT" />
253-->src\main\AndroidManifest.xml:54:17-76
253-->src\main\AndroidManifest.xml:54:27-73
254                <category android:name="android.intent.category.BROWSABLE" />
254-->src\main\AndroidManifest.xml:84:17-78
254-->src\main\AndroidManifest.xml:84:27-75
255
256                <data
256-->src\main\AndroidManifest.xml:85:17-75
257                    android:host="firebase.auth"
258                    android:path="/"
259                    android:scheme="recaptcha" />
259-->src\main\AndroidManifest.xml:85:23-72
260            </intent-filter>
261        </activity>
262
263        <service
263-->[com.google.firebase:firebase-auth:21.0.1] AndroidManifest.xml:64:9-73:19
264            android:name="com.google.firebase.auth.api.fallback.service.FirebaseAuthFallbackService"
264-->[com.google.firebase:firebase-auth:21.0.1] AndroidManifest.xml:65:13-101
265            android:enabled="true"
265-->[com.google.firebase:firebase-auth:21.0.1] AndroidManifest.xml:66:13-35
266            android:exported="false" >
266-->[com.google.firebase:firebase-auth:21.0.1] AndroidManifest.xml:67:13-37
267            <intent-filter>
267-->[com.google.firebase:firebase-auth:21.0.1] AndroidManifest.xml:68:13-72:29
268                <action android:name="com.google.firebase.auth.api.gms.service.START" />
268-->[com.google.firebase:firebase-auth:21.0.1] AndroidManifest.xml:69:17-89
268-->[com.google.firebase:firebase-auth:21.0.1] AndroidManifest.xml:69:25-86
269
270                <category android:name="android.intent.category.DEFAULT" />
270-->src\main\AndroidManifest.xml:54:17-76
270-->src\main\AndroidManifest.xml:54:27-73
271            </intent-filter>
272        </service>
273
274        <provider
274-->[com.google.firebase:firebase-common:20.0.0] AndroidManifest.xml:26:9-31:39
275            android:name="com.google.firebase.provider.FirebaseInitProvider"
275-->[com.google.firebase:firebase-common:20.0.0] AndroidManifest.xml:27:13-77
276            android:authorities="com.shoppaholics.app.firebaseinitprovider"
276-->[com.google.firebase:firebase-common:20.0.0] AndroidManifest.xml:28:13-72
277            android:directBootAware="true"
277-->[com.google.firebase:firebase-common:20.0.0] AndroidManifest.xml:29:13-43
278            android:exported="false"
278-->[com.google.firebase:firebase-common:20.0.0] AndroidManifest.xml:30:13-37
279            android:initOrder="100" />
279-->[com.google.firebase:firebase-common:20.0.0] AndroidManifest.xml:31:13-36
280
281        <activity android:name="com.facebook.CustomTabMainActivity" /> <!-- Needs to be explicitly declared on P+ -->
281-->[com.facebook.android:facebook-common:5.5.1] AndroidManifest.xml:33:9-71
281-->[com.facebook.android:facebook-common:5.5.1] AndroidManifest.xml:33:19-68
282        <uses-library
282-->[com.google.android.gms:play-services-maps:17.0.0] AndroidManifest.xml:33:9-35:40
283            android:name="org.apache.http.legacy"
283-->[com.google.android.gms:play-services-maps:17.0.0] AndroidManifest.xml:34:13-50
284            android:required="false" />
284-->[com.google.android.gms:play-services-maps:17.0.0] AndroidManifest.xml:35:13-37
285
286        <activity
286-->[com.google.android.gms:play-services-auth:16.0.1] AndroidManifest.xml:23:9-27:75
287            android:name="com.google.android.gms.auth.api.signin.internal.SignInHubActivity"
287-->[com.google.android.gms:play-services-auth:16.0.1] AndroidManifest.xml:24:13-93
288            android:excludeFromRecents="true"
288-->[com.google.android.gms:play-services-auth:16.0.1] AndroidManifest.xml:25:13-46
289            android:exported="false"
289-->[com.google.android.gms:play-services-auth:16.0.1] AndroidManifest.xml:26:13-37
290            android:theme="@android:style/Theme.Translucent.NoTitleBar" />
290-->[com.google.android.gms:play-services-auth:16.0.1] AndroidManifest.xml:27:13-72
291        <!--
292            Service handling Google Sign-In user revocation. For apps that do not integrate with
293            Google Sign-In, this service will never be started.
294        -->
295        <service
295-->[com.google.android.gms:play-services-auth:16.0.1] AndroidManifest.xml:33:9-36:110
296            android:name="com.google.android.gms.auth.api.signin.RevocationBoundService"
296-->[com.google.android.gms:play-services-auth:16.0.1] AndroidManifest.xml:34:13-89
297            android:exported="true"